This file contains any messages produced by compilers while
running configure, to aid debugging if configure makes a mistake.

It was created by BBDB configure 2.35, which was
generated by GNU Autoconf 2.59.  Invocation command line was

  $ ./configure --with-emacs=/Applications/Emacs.app/Contents/MacOS/Emacs

## --------- ##
## Platform. ##
## --------- ##

hostname = rhea.psy.ohio-state.edu
uname -m = i386
uname -r = 10.8.0
uname -s = Darwin
uname -v = Darwin Kernel Version 10.8.0: Tue Jun  7 16:33:36 PDT 2011; root:xnu-1504.15.3~1/RELEASE_I386

/usr/bin/uname -p = i386
/bin/uname -X     = unknown

/bin/arch              = unknown
/usr/bin/arch -k       = unknown
/usr/convex/getsysinfo = unknown
hostinfo               = Mach kernel version:
	 Darwin Kernel Version 10.8.0: Tue Jun  7 16:33:36 PDT 2011; root:xnu-1504.15.3~1/RELEASE_I386
Kernel configured for up to 2 processors.
2 processors are physically available.
2 processors are logically available.
Processor type: i486 (Intel 80486)
Processors active: 0 1
Primary memory available: 1.00 gigabytes
Default processor set: 58 tasks, 241 threads, 2 processors
Load average: 0.43, Mach factor: 1.56
/bin/machine           = unknown
/usr/bin/oslevel       = unknown
/bin/universe          = unknown

PATH: /Users/nemo/bin
PATH: /opt/subversion/bin
PATH: /sw/bin
PATH: /sw/sbin
PATH: /bin
PATH: /sbin
PATH: /usr/bin
PATH: /usr/sbin
PATH: /usr/local/bin
PATH: /usr/texbin


## ----------- ##
## Core tests. ##
## ----------- ##

configure:1276: checking whether make sets $(MAKE)
configure:1296: result: yes
configure:1343: checking for a BSD-compatible install
configure:1398: result: /usr/bin/install -c
configure:1409: checking whether ln -s works
configure:1413: result: yes
configure:1422: checking for rm
configure:1440: found /bin/rm
configure:1453: result: /bin/rm
configure:1462: checking for grep
configure:1480: found /usr/bin/grep
configure:1493: result: /usr/bin/grep
configure:1501: checking for my keys
configure:1503: result: not found
configure:1511: checking for gtar
configure:1527: found /sw/bin/gtar
configure:1537: result: gtar
configure:1569: checking for gzip
configure:1585: found /sw/bin/gzip
configure:1595: result: gzip
configure:1620: checking for makeinfo
configure:1636: found /sw/bin/makeinfo
configure:1646: result: makeinfo
configure:1661: checking for texi2dvi
configure:1677: found /sw/bin/texi2dvi
configure:1687: result: texi2dvi
configure:1702: checking for etags
configure:1718: found /sw/bin/etags
configure:1728: result: etags
configure:2123: creating ./config.status

## ---------------------- ##
## Running config.status. ##
## ---------------------- ##

This file was extended by BBDB config.status 2.35, which was
generated by GNU Autoconf 2.59.  Invocation command line was

  CONFIG_FILES    = 
  CONFIG_HEADERS  = 
  CONFIG_LINKS    = 
  CONFIG_COMMANDS = 
  $ ./config.status 

on rhea.psy.ohio-state.edu

config.status:665: creating Makefile
config.status:665: creating lisp/Makefile
config.status:665: creating texinfo/Makefile
config.status:665: creating tex/Makefile
config.status:665: creating utils/Makefile

## ---------------- ##
## Cache variables. ##
## ---------------- ##

ac_cv_env_build_alias_set=
ac_cv_env_build_alias_value=
ac_cv_env_host_alias_set=
ac_cv_env_host_alias_value=
ac_cv_env_target_alias_set=
ac_cv_env_target_alias_value=
ac_cv_path_GREP=/usr/bin/grep
ac_cv_path_RM=/bin/rm
ac_cv_path_install='/usr/bin/install -c'
ac_cv_prog_COMPRESS=gzip
ac_cv_prog_ETAGS=etags
ac_cv_prog_MAKEINFO=makeinfo
ac_cv_prog_TAR=gtar
ac_cv_prog_TEXI2DVI=texi2dvi
ac_cv_prog_make_make_set=yes

## ----------------- ##
## Output variables. ##
## ----------------- ##

BBDB_GNUS='gnus'
BBDB_LOADPATH='./loadpath.el'
BBDB_MHE=''
BBDB_REPORTMAIL=''
BBDB_RMAIL=''
BBDB_SC='bbdb-sc.elc'
BBDB_SRV=''
BBDB_VM=''
COMPEXT='gz'
COMPRESS='gzip --verbose --best'
DEFS='-DPACKAGE_NAME=\"BBDB\" -DPACKAGE_TARNAME=\"bbdb\" -DPACKAGE_VERSION=\"2.35\" -DPACKAGE_STRING=\"BBDB\ 2.35\" -DPACKAGE_BUGREPORT=\"bbdb-info@lists.sourceforge.net\" '
ECHO_C='ECHO_N=''
ECHO_T=''
EMACS_PROG='/Applications/Emacs.app/Contents/MacOS/Emacs'
ETAGS='etags'
GNUSDIR=''
GREP='/usr/bin/grep'
GREPCONTEXT=''
HUSHMAKE='@'
INSTALL_DATA='${INSTALL} -m 644'
INSTALL_PROGRAM='${INSTALL}'
INSTALL_SCRIPT='${INSTALL}'
LIBOBJS=''
LIBS=''
LINKPATH=''
LN_S='ln -s'
LTLIBOBJS=''
MAKEINFO='makeinfo'
MHEDIR=''
OTHERDIRS=''
PACKAGEDIR='/usr/lib/xemacs/site-packages'
PACKAGE_BUGREPORT='bbdb-info@lists.sourceforge.net'
PACKAGE_NAME='BBDB'
PACKAGE_STRING='BBDB 2.35'
PACKAGE_TARNAME='bbdb'
PACKAGE_VERSION='2.35'
PATH_SEPARATOR=':'
RM='/bin/rm -f'
SET_MAKE=''
SHELL='/bin/sh'
SYMLINKS='no'
TAR='gtar'
TEXI2DVI='texi2dvi'
VMDIR=''
bindir='${exec_prefix}/bin'
build_alias=''
datadir='${prefix}/share'
exec_prefix='${prefix}'
host_alias=''
includedir='${prefix}/include'
infodir='${prefix}/info'
libdir='${exec_prefix}/lib'
libexecdir='${exec_prefix}/libexec'
localstatedir='${prefix}/var'
mandir='${prefix}/man'
oldincludedir='/usr/include'
prefix='/usr/local'
program_transform_name='s,x,x,'
sbindir='${exec_prefix}/sbin'
sharedstatedir='${prefix}/com'
sysconfdir='${prefix}/etc'
target_alias=''

## ----------- ##
## confdefs.h. ##
## ----------- ##

#define PACKAGE_BUGREPORT "bbdb-info@lists.sourceforge.net"
#define PACKAGE_NAME "BBDB"
#define PACKAGE_STRING "BBDB 2.35"
#define PACKAGE_TARNAME "bbdb"
#define PACKAGE_VERSION "2.35"

configure: exit 0
